<?xml version="1.0" encoding="UTF-8"?>
<!-- Generated by org.testng.reporters.JUnitReportReporter -->
<testsuite skipped="0" hostname="DESKTOP-EIAJLKB" name="sample.TestNg2" tests="1" failures="0" timestamp="28 Sep 2018 17:19:15 GMT" time="0.001" errors="0">
  <testcase name="c" time="0.001" classname="sample.TestNg2"/>
</testsuite> <!-- sample.TestNg2 -->
