<?xml version="1.0" encoding="UTF-8"?>
<!-- Generated by org.testng.reporters.JUnitReportReporter -->
<testsuite skipped="0" hostname="DESKTOP-EIAJLKB" name="sample.TestNgParallalTest" tests="1" failures="0" timestamp="28 Sep 2018 17:19:15 GMT" time="0.009" errors="0">
  <testcase name="A" time="0.009" classname="sample.TestNgParallalTest"/>
</testsuite> <!-- sample.TestNgParallalTest -->
